#
# A fatal error has been detected by the Java Runtime Environment:
#
#  EXCEPTION_ACCESS_VIOLATION (0xc0000005) at pc=0x00007ffbc39501b7, pid=14340, tid=0x0000000000003630
#
# JRE version: Java(TM) SE Runtime Environment (8.0_171-b11) (build 1.8.0_171-b11)
# Java VM: Java HotSpot(TM) 64-Bit Server VM (25.171-b11 mixed mode windows-amd64 compressed oops)
# Problematic frame:
# C  [lwjgl_opengl.dll+0x101b7]
#
# Failed to write core dump. Minidumps are not enabled by default on client versions of Windows
#
# If you would like to submit a bug report, please visit:
#   http://bugreport.java.com/bugreport/crash.jsp
# The crash happened outside the Java Virtual Machine in native code.
# See problematic frame for where to report the bug.
#

---------------  T H R E A D  ---------------

Current thread (0x0000000002903000):  JavaThread "main" [_thread_in_native, id=13872, stack(0x0000000002800000,0x0000000002900000)]

siginfo: ExceptionCode=0xc0000005, reading address 0x00000000000025c8

Registers:
RAX=0x000000005d5b4d50, RBX=0x000000001bed0140, RCX=0x0000000000000000, RDX=0x00000000028ff490
RSP=0x00000000028ff3b8, RBP=0x00000000028ff480, RSI=0x0000000000000178, RDI=0x0000000002a0835d
R8 =0x0000000000000004, R9 =0x00000000027f8060, R10=0x0000000002a18c3b, R11=0x000000005d03c460
R12=0x0000000000000000, R13=0x000000001bed0138, R14=0x00000000028ff4f8, R15=0x0000000002903000
RIP=0x00007ffbc39501b7, EFLAGS=0x0000000000010202

Top of Stack: (sp=0x00000000028ff3b8)
0x00000000028ff3b8:   0000000002a18c67 00000000027f8e50
0x00000000028ff3c8:   000000005ceca734 00000000027f8e50
0x00000000028ff3d8:   000000005cec795a 0000000000000000
0x00000000028ff3e8:   3ff0000000000000 0000000000000000
0x00000000028ff3f8:   3ff0000000000000 0000000002a0835d
0x00000000028ff408:   0000000002a1899d 0000000002903000
0x00000000028ff418:   000000001bed0140 0000000000000178
0x00000000028ff428:   0000000002903000 00000000028ff580
0x00000000028ff438:   0000000002a18962 00000000028ff440
0x00000000028ff448:   000000001bed0138 00000000028ff4f8
0x00000000028ff458:   000000001bee8ff0 0000000000000000
0x00000000028ff468:   000000001bed0140 0000000000000000
0x00000000028ff478:   00000000028ff4a0 00000000028ff540
0x00000000028ff488:   0000000002a0835d 000000076bd43e40
0x00000000028ff498:   0000000002a121d8 3ff0000000000000
0x00000000028ff4a8:   0000000002a243ba 0000000000000000 

Instructions: (pc=0x00007ffbc39501b7)
0x00007ffbc3950197:   10 5c 24 30 f2 0f 10 54 24 28 f2 0f 11 44 24 30
0x00007ffbc39501a7:   0f 28 c5 48 8b 48 18 f2 0f 11 4c 24 28 0f 28 cc
0x00007ffbc39501b7:   48 ff a1 c8 25 00 00 cc cc 48 8b 01 0f 28 c2 48
0x00007ffbc39501c7:   8b 48 18 48 ff a1 d0 25 00 00 cc cc cc cc cc cc 


Register to memory mapping:

RAX=0x000000005d5b4d50 is an unknown value
RBX={method} {0x000000001bed0148} 'glOrtho' '(DDDDDD)V' in 'org/lwjgl/opengl/GL11'
RCX=0x0000000000000000 is an unknown value
RDX=0x00000000028ff490 is pointing into the stack for thread: 0x0000000002903000
RSP=0x00000000028ff3b8 is pointing into the stack for thread: 0x0000000002903000
RBP=0x00000000028ff480 is pointing into the stack for thread: 0x0000000002903000
RSI=0x0000000000000178 is an unknown value
RDI=0x0000000002a0835d is at code_begin+2301 in an Interpreter codelet
invoke return entry points  [0x0000000002a07a60, 0x0000000002a08440]  2528 bytes
R8 =0x0000000000000004 is an unknown value
R9 =0x00000000027f8060 is an unknown value
R10=0x0000000002a18c3b is at code_begin+891 in an Interpreter codelet
method entry point (kind = native)  [0x0000000002a188c0, 0x0000000002a19280]  2496 bytes
R11=0x000000005d03c460 is an unknown value
R12=0x0000000000000000 is an unknown value
R13=0x000000001bed0138 is pointing into metadata
R14=0x00000000028ff4f8 is pointing into the stack for thread: 0x0000000002903000
R15=0x0000000002903000 is a thread


Stack: [0x0000000002800000,0x0000000002900000],  sp=0x00000000028ff3b8,  free space=1020k
Native frames: (J=compiled Java code, j=interpreted, Vv=VM code, C=native code)
C  [lwjgl_opengl.dll+0x101b7]

Java frames: (J=compiled Java code, j=interpreted, Vv=VM code)
j  org.lwjgl.opengl.GL11.glOrtho(DDDDDD)V+0
j  Main.initialize()V+253
j  Main.start()V+1
j  Main.main([Ljava/lang/String;)V+7
v  ~StubRoutines::call_stub

---------------  P R O C E S S  ---------------

Java Threads: ( => current thread )
  0x000000001e3a6000 JavaThread "Service Thread" daemon [_thread_blocked, id=10524, stack(0x000000001eed0000,0x000000001efd0000)]
  0x000000001e320000 JavaThread "C1 CompilerThread3" daemon [_thread_blocked, id=11016, stack(0x000000001edd0000,0x000000001eed0000)]
  0x000000001e310000 JavaThread "C2 CompilerThread2" daemon [_thread_blocked, id=11968, stack(0x000000001ecd0000,0x000000001edd0000)]
  0x000000001e30f000 JavaThread "C2 CompilerThread1" daemon [_thread_blocked, id=11828, stack(0x000000001ebd0000,0x000000001ecd0000)]
  0x000000001e30a800 JavaThread "C2 CompilerThread0" daemon [_thread_blocked, id=3824, stack(0x000000001ead0000,0x000000001ebd0000)]
  0x000000001e309800 JavaThread "Attach Listener" daemon [_thread_blocked, id=14740, stack(0x000000001e9d0000,0x000000001ead0000)]
  0x000000001c3de800 JavaThread "Signal Dispatcher" daemon [_thread_blocked, id=15244, stack(0x000000001e8d0000,0x000000001e9d0000)]
  0x000000001e300800 JavaThread "Finalizer" daemon [_thread_blocked, id=4120, stack(0x000000001e6e0000,0x000000001e7e0000)]
  0x000000001c3cd800 JavaThread "Reference Handler" daemon [_thread_blocked, id=11332, stack(0x000000001e1e0000,0x000000001e2e0000)]
=>0x0000000002903000 JavaThread "main" [_thread_in_native, id=13872, stack(0x0000000002800000,0x0000000002900000)]

Other Threads:
  0x000000001c3c8800 VMThread [stack: 0x000000001e0e0000,0x000000001e1e0000] [id=12016]
  0x000000001e3d3800 WatcherThread [stack: 0x000000001efd0000,0x000000001f0d0000] [id=14764]

VM state:not at safepoint (normal execution)

VM Mutex/Monitor currently owned by a thread: None

Heap:
 PSYoungGen      total 75776K, used 7802K [0x000000076b600000, 0x0000000770a80000, 0x00000007c0000000)
  eden space 65024K, 12% used [0x000000076b600000,0x000000076bd9eb98,0x000000076f580000)
  from space 10752K, 0% used [0x0000000770000000,0x0000000770000000,0x0000000770a80000)
  to   space 10752K, 0% used [0x000000076f580000,0x000000076f580000,0x0000000770000000)
 ParOldGen       total 173568K, used 0K [0x00000006c2200000, 0x00000006ccb80000, 0x000000076b600000)
  object space 173568K, 0% used [0x00000006c2200000,0x00000006c2200000,0x00000006ccb80000)
 Metaspace       used 5773K, capacity 5978K, committed 6144K, reserved 1056768K
  class space    used 620K, capacity 707K, committed 768K, reserved 1048576K

Card table byte_map: [0x0000000011dc0000,0x00000000125b0000] byte_map_base: 0x000000000e7af000

Marking Bits: (ParMarkBitMap*) 0x000000005d6308c0
 Begin Bits: [0x0000000013300000, 0x0000000017278000)
 End Bits:   [0x0000000017278000, 0x000000001b1f0000)

Polling page: 0x0000000000de0000

CodeCache: size=245760Kb used=2231Kb max_used=2231Kb free=243528Kb
 bounds [0x0000000002a00000, 0x0000000002c70000, 0x0000000011a00000]
 total_blobs=1174 nmethods=446 adapters=641
 compilation: enabled

Compilation events (10 events):
Event: 0.574 Thread 0x000000001e320000 nmethod 438 0x0000000002c2c0d0 code [0x0000000002c2c240, 0x0000000002c2c3f0]
Event: 0.574 Thread 0x000000001e320000  440       3       java.util.regex.ASCII::isType (15 bytes)
Event: 0.574 Thread 0x000000001e320000 nmethod 440 0x0000000002c2c510 code [0x0000000002c2c680, 0x0000000002c2c8f0]
Event: 0.574 Thread 0x000000001e320000  441       3       java.util.regex.ASCII::getType (17 bytes)
Event: 0.575 Thread 0x000000001e320000 nmethod 441 0x0000000002c2ca10 code [0x0000000002c2cb80, 0x0000000002c2cd50]
Event: 0.575 Thread 0x000000001e320000  442       3       sun.misc.URLClassPath$JarLoader::findResource (18 bytes)
Event: 0.575 Thread 0x000000001e320000 nmethod 442 0x0000000002c2ce10 code [0x0000000002c2cf80, 0x0000000002c2d218]
Event: 0.575 Thread 0x000000001e320000  443       3       sun.nio.fs.WindowsPathParser::isInvalidPathChar (22 bytes)
Event: 0.575 Thread 0x000000001e320000 nmethod 443 0x0000000002c2d310 code [0x0000000002c2d480, 0x0000000002c2d7e8]
Event: 0.578 Thread 0x000000001e320000  446       3       java.util.zip.ZipEntry::<init> (146 bytes)

GC Heap History (0 events):
No events

Deoptimization events (0 events):
No events

Classes redefined (0 events):
No events

Internal exceptions (10 events):
Event: 0.048 Thread 0x0000000002903000 Exception <a 'java/lang/NoSuchMethodError': Method sun.misc.Unsafe.prefetchRead(Ljava/lang/Object;J)V name or signature does not match> (0x000000076b607f98) thrown at [C:\re\workspace\8-2-build-windows-amd64-cygwin\jdk8u171\10807\hotspot\src\share\vm\prim
Event: 0.172 Thread 0x0000000002903000 Exception <a 'java/lang/NoSuchMethodError': java.lang.Object.lambda$static$0(Ljava/lang/String;)Ljava/lang/Boolean;> (0x000000076b913fd8) thrown at [C:\re\workspace\8-2-build-windows-amd64-cygwin\jdk8u171\10807\hotspot\src\share\vm\interpreter\linkResolve
Event: 0.182 Thread 0x0000000002903000 Exception <a 'java/lang/NoSuchFieldError': method resolution failed> (0x000000076b98be58) thrown at [C:\re\workspace\8-2-build-windows-amd64-cygwin\jdk8u171\10807\hotspot\src\share\vm\prims\methodHandles.cpp, line 1167]
Event: 0.183 Thread 0x0000000002903000 Exception <a 'java/lang/NoSuchFieldError': method resolution failed> (0x000000076b999258) thrown at [C:\re\workspace\8-2-build-windows-amd64-cygwin\jdk8u171\10807\hotspot\src\share\vm\prims\methodHandles.cpp, line 1167]
Event: 0.227 Thread 0x0000000002903000 Exception <a 'java/security/PrivilegedActionException'> (0x000000076bb35788) thrown at [C:\re\workspace\8-2-build-windows-amd64-cygwin\jdk8u171\10807\hotspot\src\share\vm\prims\jvm.cpp, line 1435]
Event: 0.227 Thread 0x0000000002903000 Exception <a 'java/security/PrivilegedActionException'> (0x000000076bb35998) thrown at [C:\re\workspace\8-2-build-windows-amd64-cygwin\jdk8u171\10807\hotspot\src\share\vm\prims\jvm.cpp, line 1435]
Event: 0.227 Thread 0x0000000002903000 Exception <a 'java/security/PrivilegedActionException'> (0x000000076bb397f0) thrown at [C:\re\workspace\8-2-build-windows-amd64-cygwin\jdk8u171\10807\hotspot\src\share\vm\prims\jvm.cpp, line 1435]
Event: 0.227 Thread 0x0000000002903000 Exception <a 'java/security/PrivilegedActionException'> (0x000000076bb39a00) thrown at [C:\re\workspace\8-2-build-windows-amd64-cygwin\jdk8u171\10807\hotspot\src\share\vm\prims\jvm.cpp, line 1435]
Event: 0.575 Thread 0x0000000002903000 Exception <a 'sun/nio/fs/WindowsException'> (0x000000076bd7fd88) thrown at [C:\re\workspace\8-2-build-windows-amd64-cygwin\jdk8u171\10807\hotspot\src\share\vm\prims\jni.cpp, line 709]
Event: 0.576 Thread 0x0000000002903000 Exception <a 'sun/nio/fs/WindowsException'> (0x000000076bd805c0) thrown at [C:\re\workspace\8-2-build-windows-amd64-cygwin\jdk8u171\10807\hotspot\src\share\vm\prims\jni.cpp, line 709]

Events (10 events):
Event: 0.576 loading class java/nio/file/NoSuchFileException
Event: 0.576 loading class java/nio/file/FileSystemException
Event: 0.576 loading class java/nio/file/FileSystemException done
Event: 0.576 loading class java/nio/file/NoSuchFileException done
Event: 0.577 loading class org/lwjgl/opengl/GL$1
Event: 0.577 loading class org/lwjgl/opengl/GL$1 done
Event: 0.577 loading class org/lwjgl/opengl/GL$SharedLibraryGL
Event: 0.577 loading class org/lwjgl/opengl/GL$SharedLibraryGL done
Event: 0.578 loading class org/lwjgl/system/SharedLibrary$Delegate
Event: 0.578 loading class org/lwjgl/system/SharedLibrary$Delegate done


Dynamic libraries:
0x00007ff60d090000 - 0x00007ff60d0c7000 	C:\Program Files\Java\jre1.8.0_171\bin\javaw.exe
0x00007ffbd8d10000 - 0x00007ffbd8ef1000 	C:\WINDOWS\SYSTEM32\ntdll.dll
0x00007ffbd8580000 - 0x00007ffbd8632000 	C:\WINDOWS\System32\KERNEL32.DLL
0x00007ffbd52a0000 - 0x00007ffbd5513000 	C:\WINDOWS\System32\KERNELBASE.dll
0x00007ffbd84a0000 - 0x00007ffbd8541000 	C:\WINDOWS\System32\ADVAPI32.dll
0x00007ffbd67b0000 - 0x00007ffbd684e000 	C:\WINDOWS\System32\msvcrt.dll
0x00007ffbd8c70000 - 0x00007ffbd8ccb000 	C:\WINDOWS\System32\sechost.dll
0x00007ffbd8a60000 - 0x00007ffbd8b84000 	C:\WINDOWS\System32\RPCRT4.dll
0x00007ffbd6c20000 - 0x00007ffbd6db0000 	C:\WINDOWS\System32\USER32.dll
0x00007ffbd5280000 - 0x00007ffbd52a0000 	C:\WINDOWS\System32\win32u.dll
0x00007ffbd6db0000 - 0x00007ffbd6dd8000 	C:\WINDOWS\System32\GDI32.dll
0x00007ffbd50e0000 - 0x00007ffbd5272000 	C:\WINDOWS\System32\gdi32full.dll
0x00007ffbd56f0000 - 0x00007ffbd578f000 	C:\WINDOWS\System32\msvcp_win.dll
0x00007ffbd55f0000 - 0x00007ffbd56ea000 	C:\WINDOWS\System32\ucrtbase.dll
0x00007ffbc9100000 - 0x00007ffbc9369000 	C:\WINDOWS\WinSxS\amd64_microsoft.windows.common-controls_6595b64144ccf1df_6.0.17134.81_none_b4b229fe3cb4cfa3\COMCTL32.dll
0x00007ffbd8730000 - 0x00007ffbd8a53000 	C:\WINDOWS\System32\combase.dll
0x00007ffbd5570000 - 0x00007ffbd55ea000 	C:\WINDOWS\System32\bcryptPrimitives.dll
0x00007ffbd6bf0000 - 0x00007ffbd6c1d000 	C:\WINDOWS\System32\IMM32.DLL
0x000000005ca80000 - 0x000000005cb52000 	C:\Program Files\Java\jre1.8.0_171\bin\msvcr100.dll
0x000000005ce10000 - 0x000000005d6b0000 	C:\Program Files\Java\jre1.8.0_171\bin\server\jvm.dll
0x00007ffbd8550000 - 0x00007ffbd8558000 	C:\WINDOWS\System32\PSAPI.DLL
0x00007ffbd3c20000 - 0x00007ffbd3c29000 	C:\WINDOWS\SYSTEM32\WSOCK32.dll
0x00007ffbd2030000 - 0x00007ffbd2053000 	C:\WINDOWS\SYSTEM32\WINMM.dll
0x00007ffbcf4d0000 - 0x00007ffbcf4da000 	C:\WINDOWS\SYSTEM32\VERSION.dll
0x00007ffbd83d0000 - 0x00007ffbd843c000 	C:\WINDOWS\System32\WS2_32.dll
0x00007ffbd2000000 - 0x00007ffbd202a000 	C:\WINDOWS\SYSTEM32\WINMMBASE.dll
0x00007ffbd5520000 - 0x00007ffbd5569000 	C:\WINDOWS\System32\cfgmgr32.dll
0x000000005cd20000 - 0x000000005cd2f000 	C:\Program Files\Java\jre1.8.0_171\bin\verify.dll
0x000000005ccf0000 - 0x000000005cd19000 	C:\Program Files\Java\jre1.8.0_171\bin\java.dll
0x000000005ccd0000 - 0x000000005cce6000 	C:\Program Files\Java\jre1.8.0_171\bin\zip.dll
0x00007ffbd6de0000 - 0x00007ffbd8220000 	C:\WINDOWS\System32\SHELL32.dll
0x00007ffbd69c0000 - 0x00007ffbd6a69000 	C:\WINDOWS\System32\shcore.dll
0x00007ffbd5790000 - 0x00007ffbd5e9d000 	C:\WINDOWS\System32\windows.storage.dll
0x00007ffbd8440000 - 0x00007ffbd8491000 	C:\WINDOWS\System32\shlwapi.dll
0x00007ffbd50a0000 - 0x00007ffbd50b1000 	C:\WINDOWS\System32\kernel.appcore.dll
0x00007ffbd5020000 - 0x00007ffbd503f000 	C:\WINDOWS\System32\profapi.dll
0x00007ffbd5040000 - 0x00007ffbd508c000 	C:\WINDOWS\System32\powrprof.dll
0x00007ffbd5090000 - 0x00007ffbd509a000 	C:\WINDOWS\System32\FLTLIB.DLL
0x000000005ccb0000 - 0x000000005ccca000 	C:\Program Files\Java\jre1.8.0_171\bin\net.dll
0x00007ffbd48a0000 - 0x00007ffbd4906000 	C:\WINDOWS\system32\mswsock.dll
0x000000005cc90000 - 0x000000005cca1000 	C:\Program Files\Java\jre1.8.0_171\bin\nio.dll
0x00007ffbc8fa0000 - 0x00007ffbc8ffb000 	C:\Users\WilliamLew\AppData\Local\Temp\lwjglWilliamLew\3.1.6-build-14\lwjgl.dll
0x00007ffbc39f0000 - 0x00007ffbc3a41000 	C:\Users\WILLIA~1\AppData\Local\Temp\lwjglWilliamLew\3.1.6-build-14\glfw.dll
0x00007ffbd2790000 - 0x00007ffbd2828000 	C:\WINDOWS\system32\uxtheme.dll
0x00007ffbc39a0000 - 0x00007ffbc39e3000 	C:\WINDOWS\SYSTEM32\dinput8.dll
0x00007ffbd1140000 - 0x00007ffbd1150000 	C:\WINDOWS\SYSTEM32\xinput1_4.dll
0x00007ffbd4e30000 - 0x00007ffbd4e57000 	C:\WINDOWS\SYSTEM32\DEVOBJ.dll
0x00007ffbd33e0000 - 0x00007ffbd3409000 	C:\WINDOWS\SYSTEM32\dwmapi.dll
0x00007ffbc29f0000 - 0x00007ffbc2a69000 	C:\WINDOWS\SYSTEM32\inputhost.dll
0x00007ffbd23a0000 - 0x00007ffbd247a000 	C:\WINDOWS\SYSTEM32\CoreMessaging.dll
0x00007ffbd08b0000 - 0x00007ffbd09fd000 	C:\WINDOWS\SYSTEM32\wintypes.dll
0x00007ffbce860000 - 0x00007ffbceb7e000 	C:\WINDOWS\SYSTEM32\CoreUIComponents.dll
0x00007ffbd4220000 - 0x00007ffbd4251000 	C:\WINDOWS\SYSTEM32\ntmarta.dll
0x00007ffbd6a70000 - 0x00007ffbd6be5000 	C:\WINDOWS\System32\MSCTF.dll
0x00007ffbd68f0000 - 0x00007ffbd69b2000 	C:\WINDOWS\System32\OLEAUT32.dll
0x00007ffbd3bf0000 - 0x00007ffbd3bfc000 	C:\WINDOWS\SYSTEM32\HID.DLL
0x00007ffbd6200000 - 0x00007ffbd664b000 	C:\WINDOWS\System32\SETUPAPI.DLL
0x00007ffbd5ea0000 - 0x00007ffbd5ef7000 	C:\WINDOWS\System32\WINTRUST.dll
0x00007ffbd50c0000 - 0x00007ffbd50d2000 	C:\WINDOWS\System32\MSASN1.dll
0x00007ffbd5fb0000 - 0x00007ffbd6192000 	C:\WINDOWS\System32\CRYPT32.dll
0x00007ffbb5180000 - 0x00007ffbb52a0000 	C:\WINDOWS\SYSTEM32\opengl32.dll
0x00007ffbb5110000 - 0x00007ffbb513c000 	C:\WINDOWS\SYSTEM32\GLU32.dll
0x00007ffb9ae70000 - 0x00007ffb9bbd1000 	C:\WINDOWS\System32\DriverStore\FileRepository\ki122461.inf_amd64_ac02a4363c345cef\ig9icd64.dll
0x00007ffbd3c00000 - 0x00007ffbd3c13000 	C:\WINDOWS\SYSTEM32\WTSAPI32.dll
0x00007ffbc9ab0000 - 0x00007ffbcac0e000 	C:\WINDOWS\System32\DriverStore\FileRepository\ki122461.inf_amd64_ac02a4363c345cef\igc64.dll
0x00007ffbd3de0000 - 0x00007ffbd3e9b000 	C:\WINDOWS\SYSTEM32\dxgi.dll
0x00007ffbd1580000 - 0x00007ffbd188b000 	C:\WINDOWS\SYSTEM32\d3d11.dll
0x00007ffbccbc0000 - 0x00007ffbce306000 	C:\WINDOWS\System32\DriverStore\FileRepository\ki122461.inf_amd64_ac02a4363c345cef\igd10iumd64.dll
0x00007ffbd4b80000 - 0x00007ffbd4ba5000 	C:\WINDOWS\SYSTEM32\bcrypt.dll
0x00007ffbd4b50000 - 0x00007ffbd4b76000 	C:\WINDOWS\SYSTEM32\ncrypt.dll
0x00007ffbd4b10000 - 0x00007ffbd4b46000 	C:\WINDOWS\SYSTEM32\NTASN1.dll
0x00007ffbc2a70000 - 0x00007ffbc2b08000 	C:\WINDOWS\System32\TextInputFramework.dll
0x00007ffbc3940000 - 0x00007ffbc399f000 	C:\Users\WilliamLew\AppData\Local\Temp\lwjglWilliamLew\3.1.6-build-14\lwjgl_opengl.dll
0x00007ffbd3a20000 - 0x00007ffbd3be9000 	C:\WINDOWS\SYSTEM32\dbghelp.dll

VM Arguments:
jvm_args: -Dfile.encoding=Cp1252 
java_command: Main
java_class_path (initial): C:\Program Files\Java\jre1.8.0_171\lib\resources.jar;C:\Program Files\Java\jre1.8.0_171\lib\rt.jar;C:\Program Files\Java\jre1.8.0_171\lib\jsse.jar;C:\Program Files\Java\jre1.8.0_171\lib\jce.jar;C:\Program Files\Java\jre1.8.0_171\lib\charsets.jar;C:\Program Files\Java\jre1.8.0_171\lib\jfr.jar;C:\Program Files\Java\jre1.8.0_171\lib\ext\access-bridge-64.jar;C:\Program Files\Java\jre1.8.0_171\lib\ext\cldrdata.jar;C:\Program Files\Java\jre1.8.0_171\lib\ext\dnsns.jar;C:\Program Files\Java\jre1.8.0_171\lib\ext\jaccess.jar;C:\Program Files\Java\jre1.8.0_171\lib\ext\jfxrt.jar;C:\Program Files\Java\jre1.8.0_171\lib\ext\localedata.jar;C:\Program Files\Java\jre1.8.0_171\lib\ext\nashorn.jar;C:\Program Files\Java\jre1.8.0_171\lib\ext\sunec.jar;C:\Program Files\Java\jre1.8.0_171\lib\ext\sunjce_provider.jar;C:\Program Files\Java\jre1.8.0_171\lib\ext\sunmscapi.jar;C:\Program Files\Java\jre1.8.0_171\lib\ext\sunpkcs11.jar;C:\Program Files\Java\jre1.8.0_171\lib\ext\zipfs.jar;C:\Users\WilliamLew\eclipse-workspace\Lettuce\bin;C:\Users\WilliamLew\eclipse-workspace\Lettuce\lib\lwjgl-assimp-javadoc.jar;C:\Users\WilliamLew\eclipse-workspace\Lettuce\lib\lwjgl-assimp-natives-windows.jar;C:\Users\WilliamLew\eclipse-workspace\Lettuce\lib\lwjgl-assimp-sources.jar;C:\Users\WilliamLew\eclipse-workspace\Lettuce\lib\lwjgl-assimp.jar;C:\Users\WilliamLew\eclipse-workspace\Lettuce\lib\lwjgl-glfw-javadoc.jar;C:\Users\WilliamLew\eclipse-workspace\Lettuce\lib\lwjgl-glfw-natives-windows.jar;C:\Users\WilliamLew\eclipse-workspace\Lettuce\lib\lwjgl-glfw-sources.jar;C:\Users\WilliamLew\eclipse-workspace\Lettuce\lib\lwjgl-glfw.jar;C:\Users\WilliamLew\eclipse-workspace\Lettuce\lib\lwjgl-javadoc.jar;C:\Users\WilliamLew\eclipse-workspace\Lettuce\lib\lwjgl-natives-windows.jar;C:\Users\WilliamLew\eclipse-workspace\Lettuce\lib\lwjgl-openal-javadoc.jar;C:\Users\WilliamLew\eclipse-workspace\Lettuce\lib\lwjgl-openal-natives-windows.jar;C:\Users\WilliamLew\eclipse-workspace\Lettuce\lib\lwjgl-o
Launcher Type: SUN_STANDARD

Environment Variables:
PATH=C:/Program Files/Java/jre1.8.0_171/bin/server;C:/Program Files/Java/jre1.8.0_171/bin;C:/Program Files/Java/jre1.8.0_171/lib/amd64;C:\Program Files (x86)\Intel\iCLS Client\;C:\Program Files (x86)\Common Files\Oracle\Java\javapath;C:\ProgramData\Oracle\Java\javapath;C:\Program Files\Intel\iCLS Client\;C:\Windows\system32;C:\Windows;C:\Windows\System32\Wbem;C:\Windows\System32\WindowsPowerShell\v1.0\;C:\Program Files (x86)\NVIDIA Corporation\PhysX\Common;C:\Program Files (x86)\QuickTime\QTSystem\;C:\WINDOWS\system32;C:\WINDOWS;C:\WINDOWS\System32\Wbem;C:\WINDOWS\System32\WindowsPowerShell\v1.0\;C:\Program Files\Git\cmd;C:\Program Files (x86)\mingw-w64\i686-7.1.0-win32-dwarf-rt_v5-rev2\mingw32\bin;C:\Program Files (x86)\Skype\Phone\;C:\Program Files (x86)\Intel\Intel(R) Management Engine Components\DAL;C:\Program Files\Intel\Intel(R) Management Engine Components\DAL;C:\Program Files (x86)\Intel\Intel(R) Management Engine Components\IPT;C:\Program Files\Intel\Intel(R) Management Engine Components\IPT;C:\WINDOWS\System32\OpenSSH\;C:\Users\WilliamLew\AppData\Local\Programs\Python\Python36\Scripts\;C:\Users\WilliamLew\AppData\Local\Programs\Python\Python36\;C:\Users\WilliamLew\AppData\Local\Microsoft\WindowsApps;C:\Users\WilliamLew\AppData\Local\GitHubDesktop\bin;C:\Users\WilliamLew\AppData\Local\Microsoft\WindowsApps;;C:\Users\WilliamLew\Desktop;
USERNAME=WilliamLew
OS=Windows_NT
PROCESSOR_IDENTIFIER=Intel64 Family 6 Model 94 Stepping 3, GenuineIntel



---------------  S Y S T E M  ---------------

OS: Windows 10.0 , 64 bit Build 17134 (10.0.17134.1)

CPU:total 8 (initial active 8) (4 cores per cpu, 2 threads per core) family 6 model 94 stepping 3, cmov, cx8, fxsr, mmx, sse, sse2, sse3, ssse3, sse4.1, sse4.2, popcnt, avx, avx2, aes, clmul, erms, rtm, 3dnowpref, lzcnt, ht, tsc, tscinvbit, bmi1, bmi2, adx

Memory: 4k page, physical 16635468k(12153916k free), swap 19125836k(14139780k free)

vm_info: Java HotSpot(TM) 64-Bit Server VM (25.171-b11) for windows-amd64 JRE (1.8.0_171-b11), built on Mar 28 2018 16:06:12 by "java_re" with MS VC++ 10.0 (VS2010)

time: Sat Jun 09 22:30:55 2018
elapsed time: 0 seconds (0d 0h 0m 0s)

